<?xml version="1.0" ?>
<coverage branch-rate="0" line-rate="0.3333" timestamp="1487091068420" version="4.3.4">
	<!-- Generated by coverage.py: https://coverage.readthedocs.io -->
	<!-- Based on https://raw.githubusercontent.com/cobertura/web/f0366e5e2cf18f111cbd61fc34ef720a6584ba02/htdocs/xml/coverage-03.dtd -->
	<sources>
		<source>C:\Users\c102285\Google Drive\Code\Python\CICDTesting</source>
	</sources>
	<packages>
		<package branch-rate="0" complexity="0" line-rate="0.3333" name="cicdtesting">
			<classes>
				<class branch-rate="0" complexity="0" filename="cicdtesting/authentication.py" line-rate="0.3333" name="authentication.py">
					<methods/>
					<lines>
						<line hits="1" number="4"/>
						<line hits="1" number="6"/>
						<line hits="1" number="7"/>
						<line hits="0" number="8"/>
						<line hits="0" number="9"/>
						<line hits="0" number="10"/>
						<line hits="0" number="11"/>
						<line hits="0" number="12"/>
						<line hits="0" number="13"/>
					</lines>
				</class>
				<class branch-rate="0" complexity="0" filename="cicdtesting/__init__.py" line-rate="1" name="__init__.py">
					<methods/>
					<lines/>
				</class>
			</classes>
		</package>
	</packages>
</coverage>
